<?xml version="1.0" encoding="UTF-8"?>
<!-- Generated by org.testng.reporters.JUnitXMLReporter -->
<testsuite hostname="USMECYASMITTAL1" ignored="0" tests="1" failures="1" timestamp="30 Nov 2019 17:11:13 GMT" time="0.713" errors="0">
  <testcase name="runScenario" time="0.409" classname="TestRunner">
    <failure type="org.picocontainer.PicoCompositionException" message="Either the specified parameters do not match any of the following constructors: [stepdefs.StepDefinition()]; OR the constructors were not accessible for &amp;apos;stepdefs.StepDefinition&amp;apos;">
      <![CDATA[org.picocontainer.PicoCompositionException: Either the specified parameters do not match any of the following constructors: [stepdefs.StepDefinition()]; OR the constructors were not accessible for 'stepdefs.StepDefinition'
at org.picocontainer.injectors.ConstructorInjector.getGreediestSatisfiableConstructor(ConstructorInjector.java:200)
at org.picocontainer.injectors.ConstructorInjector.getGreediestSatisfiableConstructor(ConstructorInjector.java:110)
at org.picocontainer.injectors.ConstructorInjector.access$100(ConstructorInjector.java:51)
at org.picocontainer.injectors.ConstructorInjector$1.run(ConstructorInjector.java:331)
at org.picocontainer.injectors.AbstractInjector$ThreadLocalCyclicDependencyGuard.observe(AbstractInjector.java:270)
at org.picocontainer.injectors.ConstructorInjector.getComponentInstance(ConstructorInjector.java:364)
at org.picocontainer.injectors.AbstractInjectionFactory$LifecycleAdapter.getComponentInstance(AbstractInjectionFactory.java:56)
at org.picocontainer.behaviors.AbstractBehavior.getComponentInstance(AbstractBehavior.java:64)
at org.picocontainer.behaviors.Stored.getComponentInstance(Stored.java:91)
at org.picocontainer.DefaultPicoContainer.getInstance(DefaultPicoContainer.java:699)
at org.picocontainer.DefaultPicoContainer.getComponent(DefaultPicoContainer.java:647)
at org.picocontainer.DefaultPicoContainer.getComponent(DefaultPicoContainer.java:678)
at io.cucumber.picocontainer.PicoFactory.getInstance(PicoFactory.java:42)
at cucumber.runtime.java.ObjectFactoryLoader$ObjectFactoryAdapter.getInstance(ObjectFactoryLoader.java:157)
at cucumber.runtime.java.JavaStepDefinition.execute(JavaStepDefinition.java:57)
at cucumber.runner.PickleStepDefinitionMatch.runStep(PickleStepDefinitionMatch.java:50)
at cucumber.runner.TestStep.executeStep(TestStep.java:65)
at cucumber.runner.TestStep.run(TestStep.java:50)
at cucumber.runner.PickleStepTestStep.run(PickleStepTestStep.java:43)
at cucumber.runner.TestCase.run(TestCase.java:46)
at cucumber.runner.Runner.runPickle(Runner.java:50)
at io.cucumber.testng.TestNGCucumberRunner.runScenario(TestNGCucumberRunner.java:79)
at TestRunner.runScenario(TestRunner.java:31)
at java.util.concurrent.FutureTask.run(Unknown Source)
at java.util.concurrent.ThreadPoolExecutor.runWorker(Unknown Source)
at java.util.concurrent.ThreadPoolExecutor$Worker.run(Unknown Source)
at java.lang.Thread.run(Unknown Source)
at ✽.I am on the HIA login page on URL(classpath:feature/LoginProfile.feature:6)
... Removed 16 stack frames]]>
    </failure>
  </testcase> <!-- runScenario -->
</testsuite>
