<?xml version="1.0" encoding="UTF-8"?>
<testng-results skipped="0" failed="0" ignored="0" total="1" passed="1">
  <reporter-output>
  </reporter-output>
  <suite name="BDD Test Suite" duration-ms="828" started-at="2019-11-30T17:15:47Z" finished-at="2019-11-30T17:15:48Z">
    <groups>
      <group name="cucumber">
        <method signature="TestRunner.runScenario(io.cucumber.testng.PickleEventWrapper, io.cucumber.testng.CucumberFeatureWrapper)[pri:0, instance:TestRunner@34cd072c]" name="runScenario" class="TestRunner"/>
      </group> <!-- cucumber -->
    </groups>
    <test name="Login and Update Profile Test" duration-ms="828" started-at="2019-11-30T17:15:47Z" finished-at="2019-11-30T17:15:48Z">
      <class name="TestRunner">
        <test-method status="PASS" signature="setUpClass()[pri:0, instance:TestRunner@34cd072c]" name="setUpClass" is-config="true" duration-ms="257" started-at="2019-11-30T17:15:47Z" finished-at="2019-11-30T17:15:48Z">
          <reporter-output>
          </reporter-output>
        </test-method> <!-- setUpClass -->
        <test-method status="PASS" signature="runScenario(io.cucumber.testng.PickleEventWrapper, io.cucumber.testng.CucumberFeatureWrapper)[pri:0, instance:TestRunner@34cd072c]" name="runScenario" duration-ms="454" started-at="2019-11-30T17:15:48Z" description="Runs Cucumber Scenarios" data-provider="scenarios" finished-at="2019-11-30T17:15:48Z">
          <params>
            <param index="0">
              <value>
                <![CDATA["Successful login"]]>
              </value>
            </param>
            <param index="1">
              <value>
                <![CDATA["Login Profile"]]>
              </value>
            </param>
          </params>
          <reporter-output>
          </reporter-output>
        </test-method> <!-- runScenario -->
        <test-method status="PASS" signature="tearDownClass()[pri:0, instance:TestRunner@34cd072c]" name="tearDownClass" is-config="true" duration-ms="3" started-at="2019-11-30T17:15:48Z" finished-at="2019-11-30T17:15:48Z">
          <reporter-output>
          </reporter-output>
        </test-method> <!-- tearDownClass -->
      </class> <!-- TestRunner -->
    </test> <!-- Login and Update Profile Test -->
  </suite> <!-- BDD Test Suite -->
</testng-results>
